[debug] [2025-07-22T08:18:25.665Z] ----------------------------------------------------------------------
[debug] [2025-07-22T08:18:25.670Z] Command:       C:\Program Files\nodejs\node.exe C:\Users\ADMIN\AppData\Roaming\npm\node_modules\firebase-tools\lib\bin\firebase.js init
[debug] [2025-07-22T08:18:25.670Z] CLI Version:   14.11.0
[debug] [2025-07-22T08:18:25.670Z] Platform:      win32
[debug] [2025-07-22T08:18:25.671Z] Node Version:  v22.14.0
[debug] [2025-07-22T08:18:25.671Z] Time:          Tue Jul 22 2025 11:18:25 GMT+0300 (East Africa Time)
[debug] [2025-07-22T08:18:25.671Z] ----------------------------------------------------------------------
[debug] 
[debug] [2025-07-22T08:18:25.679Z] > command requires scopes: ["email","openid","https://www.googleapis.com/auth/cloudplatformprojects.readonly","https://www.googleapis.com/auth/firebase","https://www.googleapis.com/auth/cloud-platform"]
[debug] [2025-07-22T08:18:25.680Z] > authorizing via signed-in user (allanmwangi329@gmail.com)
[info] 
     ######## #### ########  ######## ########     ###     ######  ########
     ##        ##  ##     ## ##       ##     ##  ##   ##  ##       ##
     ######    ##  ########  ######   ########  #########  ######  ######
     ##        ##  ##    ##  ##       ##     ## ##     ##       ## ##
     ##       #### ##     ## ######## ########  ##     ##  ######  ########

You're about to initialize a Firebase project in this directory:

  C:\myservice\servefront

Before we get started, keep in mind:

  * You are currently outside your home directory

[debug] [2025-07-22T08:31:34.392Z] ExitPromptError: User force closed the prompt with SIGINT
    at Interface.sigint (C:\Users\ADMIN\AppData\Roaming\npm\node_modules\firebase-tools\node_modules\@inquirer\core\dist\commonjs\lib\create-prompt.js:101:37)
    at Interface.emit (node:events:518:28)
    at Interface.emit (node:domain:489:12)
    at [_ttyWrite] [as _ttyWrite] (node:internal/readline/interface:1124:18)
    at ReadStream.onkeypress (node:internal/readline/interface:263:20)
    at ReadStream.emit (node:events:530:35)
    at ReadStream.emit (node:domain:489:12)
    at emitKeys (node:internal/readline/utils:370:14)
    at emitKeys.next (<anonymous>)
    at ReadStream.onData (node:internal/readline/emitKeypressEvents:64:36)
[error] 
[error] Error: An unexpected error has occurred.
